<?xml version="1.0" encoding="UTF-8"?>
<testng-results skipped="0" failed="0" ignored="0" total="1" passed="1">
  <reporter-output>
  </reporter-output>
  <suite name="Default suite" duration-ms="9125" started-at="2023-06-16T19:44:25Z" finished-at="2023-06-16T19:44:34Z">
    <groups>
    </groups>
    <test name="Default test" duration-ms="9125" started-at="2023-06-16T19:44:25Z" finished-at="2023-06-16T19:44:34Z">
      <class name="test.LoginTest2">
        <test-method status="PASS" signature="validPage()[pri:0, instance:test.LoginTest2@7f77e91b]" name="validPage" duration-ms="9081" started-at="2023-06-16T19:44:25Z" finished-at="2023-06-16T19:44:34Z">
          <reporter-output>
          </reporter-output>
        </test-method> <!-- validPage -->
      </class> <!-- test.LoginTest2 -->
    </test> <!-- Default test -->
  </suite> <!-- Default suite -->
</testng-results>
